This file contains any messages produced by compilers while
running configure, to aid debugging if configure makes a mistake.

It was created by ethtool configure 5.18, which was
generated by GNU Autoconf 2.69.  Invocation command line was

  $ ./configure --host=arm-linux CC=/home/toor/hard/sda/home/toor/android/android-sdk-linux/android-ndk-r16b/toolchains/arm-linux-androideabi-4.9/prebuilt/linux-x86_64/bin/arm-linux-androideabi-gcc LDFLAGS=-static

## --------- ##
## Platform. ##
## --------- ##

hostname = debian
uname -m = x86_64
uname -r = 5.10.0-15-amd64
uname -s = Linux
uname -v = #1 SMP Debian 5.10.120-1 (2022-06-09)

/usr/bin/uname -p = unknown
/bin/uname -X     = unknown

/bin/arch              = x86_64
/usr/bin/arch -k       = unknown
/usr/convex/getsysinfo = unknown
/usr/bin/hostinfo      = unknown
/bin/machine           = unknown
/usr/bin/oslevel       = unknown
/bin/universe          = unknown

PATH: /home/toor/.cargo/bin
PATH: /home/toor/perl5/bin
PATH: /home/toor/project/webrtc/depot_tools
PATH: /home/toor/android/v2ray-linux-64
PATH: /home/toor/android/flutter_sdk/flutter_linux_1.17.5-stable/flutter/bin
PATH: /home/toor/web/dev
PATH: /usr/local/openresty/nginx/sbin
PATH: /usr/local/go/bin
PATH: /home/toor/android/android-sdk-linux/build-tools/28.0.3
PATH: /home/toor/old/home/toor/code/vdexExtractor/bin
PATH: /home/toor/android/flutter_sdk/flutter_linux_1.17.5-stable/flutter/bin
PATH: /home/toor/android/android-sdk-linux/tools/bin
PATH: /home/toor/android/depot_tools.git-master
PATH: /home/toor/LineageOS/myrepo
PATH: /home/toor/android/smali
PATH: /home/toor/android/node-v10.15.3-linux-x64/bin
PATH: /home/toor/android/android-studio/jre
PATH: /home/toor/android/dextra
PATH: /home/toor/android/android-studio/jre/bin
PATH: /bin
PATH: /home/toor/android/android-sdk-linux/platform-tools
PATH: /home/toor/android/android-sdk-linux/tools
PATH: /home/toor/android/apktool
PATH: /home/toor/android/apktool/dex2jar-0.0.9.15
PATH: /home/toor/repo
PATH: /home/toor/android/android-sdk-linux/build-tools/28.0.3
PATH: /home/toor/android/android-sdk-linux/ndk-bundle
PATH: /usr/local/bin
PATH: /usr/bin
PATH: /bin
PATH: /usr/local/games
PATH: /usr/games
PATH: /home/toor/android/010Editor


## ----------- ##
## Core tests. ##
## ----------- ##

configure:2087: checking for a BSD-compatible install
configure:2155: result: /bin/install -c
configure:2166: checking whether build environment is sane
configure:2221: result: yes
configure:2275: checking for arm-linux-strip
configure:2305: result: no
configure:2315: checking for strip
configure:2331: found /bin/strip
configure:2342: result: strip
configure:2367: checking for a thread-safe mkdir -p
configure:2406: result: /bin/mkdir -p
configure:2413: checking for gawk
configure:2443: result: no
configure:2413: checking for mawk
configure:2429: found /bin/mawk
configure:2440: result: mawk
configure:2451: checking whether make sets $(MAKE)
configure:2473: result: yes
configure:2502: checking whether make supports nested variables
configure:2519: result: yes
configure:2649: checking whether to enable maintainer-specific portions of Makefiles
configure:2658: result: no
configure:2680: checking for arm-linux-gcc
configure:2707: result: /home/toor/hard/sda/home/toor/android/android-sdk-linux/android-ndk-r16b/toolchains/arm-linux-androideabi-4.9/prebuilt/linux-x86_64/bin/arm-linux-androideabi-gcc
configure:2976: checking for C compiler version
configure:2985: /home/toor/hard/sda/home/toor/android/android-sdk-linux/android-ndk-r16b/toolchains/arm-linux-androideabi-4.9/prebuilt/linux-x86_64/bin/arm-linux-androideabi-gcc --version >&5
arm-linux-androideabi-gcc (GCC) 4.9.x 20150123 (prerelease)
Copyright (C) 2014 Free Software Foundation, Inc.
This is free software; see the source for copying conditions.  There is NO
warranty; not even for MERCHANTABILITY or FITNESS FOR A PARTICULAR PURPOSE.

configure:2996: $? = 0
configure:2985: /home/toor/hard/sda/home/toor/android/android-sdk-linux/android-ndk-r16b/toolchains/arm-linux-androideabi-4.9/prebuilt/linux-x86_64/bin/arm-linux-androideabi-gcc -v >&5
Using built-in specs.
COLLECT_GCC=/home/toor/hard/sda/home/toor/android/android-sdk-linux/android-ndk-r16b/toolchains/arm-linux-androideabi-4.9/prebuilt/linux-x86_64/bin/arm-linux-androideabi-gcc
COLLECT_LTO_WRAPPER=/home/toor/hard/sda/home/toor/android/android-sdk-linux/android-ndk-r16b/toolchains/arm-linux-androideabi-4.9/prebuilt/linux-x86_64/bin/../libexec/gcc/arm-linux-androideabi/4.9.x/lto-wrapper
Target: arm-linux-androideabi
Configured with: /usr/local/google/buildbot/src/android/gcc/toolchain/build/../gcc/gcc-4.9/configure --prefix=/tmp/7b21daf2c1357ae66bd1633d4faf8a6d --target=arm-linux-androideabi --host=x86_64-linux-gnu --build=x86_64-linux-gnu --with-gnu-as --with-gnu-ld --enable-languages=c,c++ --with-gmp=/buildbot/tmp/build/toolchain/temp-install --with-mpfr=/buildbot/tmp/build/toolchain/temp-install --with-mpc=/buildbot/tmp/build/toolchain/temp-install --with-cloog=/buildbot/tmp/build/toolchain/temp-install --with-isl=/buildbot/tmp/build/toolchain/temp-install --with-ppl=/buildbot/tmp/build/toolchain/temp-install --disable-ppl-version-check --disable-cloog-version-check --disable-isl-version-check --enable-cloog-backend=isl --with-host-libstdcxx='-static-libgcc -Wl,-Bstatic,-lstdc++,-Bdynamic -lm' --disable-libssp --enable-threads --disable-nls --disable-libmudflap --disable-libgomp --disable-libstdc__-v3 --disable-sjlj-exceptions --disable-shared --disable-tls --disable-libitm --with-float=soft --with-fpu=vfp --with-arch=armv5te --enable-target-optspace --enable-bionic-libs --enable-libatomic-ifuncs=no --enable-initfini-array --disable-nls --prefix=/tmp/7b21daf2c1357ae66bd1633d4faf8a6d --with-sysroot=/tmp/7b21daf2c1357ae66bd1633d4faf8a6d/sysroot --with-binutils-version=2.27 --with-mpfr-version=3.1.1 --with-mpc-version=1.0.1 --with-gmp-version=5.0.5 --with-gcc-version=4.9 --with-gdb-version=none --with-gxx-include-dir=/tmp/7b21daf2c1357ae66bd1633d4faf8a6d/include/c++/4.9.x --with-bugurl=http://source.android.com/source/report-bugs.html --enable-languages=c,c++ --disable-bootstrap --enable-plugins --enable-libgomp --enable-gnu-indirect-function --disable-libsanitizer --enable-gold --enable-threads --enable-eh-frame-hdr-for-static --enable-graphite=yes --with-isl-version=0.11.1 --with-cloog-version=0.18.0 --with-arch=armv5te --program-transform-name='s&^&arm-linux-androideabi-&' --enable-gold=default
Thread model: posix
gcc version 4.9.x 20150123 (prerelease) (GCC) 
configure:2996: $? = 0
configure:2985: /home/toor/hard/sda/home/toor/android/android-sdk-linux/android-ndk-r16b/toolchains/arm-linux-androideabi-4.9/prebuilt/linux-x86_64/bin/arm-linux-androideabi-gcc -V >&5
arm-linux-androideabi-gcc: error: unrecognized command line option '-V'
arm-linux-androideabi-gcc: fatal error: no input files
compilation terminated.
configure:2996: $? = 1
configure:2985: /home/toor/hard/sda/home/toor/android/android-sdk-linux/android-ndk-r16b/toolchains/arm-linux-androideabi-4.9/prebuilt/linux-x86_64/bin/arm-linux-androideabi-gcc -qversion >&5
arm-linux-androideabi-gcc: error: unrecognized command line option '-qversion'
arm-linux-androideabi-gcc: fatal error: no input files
compilation terminated.
configure:2996: $? = 1
configure:3016: checking whether the C compiler works
configure:3038: /home/toor/hard/sda/home/toor/android/android-sdk-linux/android-ndk-r16b/toolchains/arm-linux-androideabi-4.9/prebuilt/linux-x86_64/bin/arm-linux-androideabi-gcc   -static conftest.c  >&5
/home/toor/hard/sda/home/toor/android/android-sdk-linux/android-ndk-r16b/toolchains/arm-linux-androideabi-4.9/prebuilt/linux-x86_64/bin/../lib/gcc/arm-linux-androideabi/4.9.x/../../../../arm-linux-androideabi/bin/ld: error: cannot open crtbegin_static.o: No such file or directory
/home/toor/hard/sda/home/toor/android/android-sdk-linux/android-ndk-r16b/toolchains/arm-linux-androideabi-4.9/prebuilt/linux-x86_64/bin/../lib/gcc/arm-linux-androideabi/4.9.x/../../../../arm-linux-androideabi/bin/ld: error: cannot find -lc
/home/toor/hard/sda/home/toor/android/android-sdk-linux/android-ndk-r16b/toolchains/arm-linux-androideabi-4.9/prebuilt/linux-x86_64/bin/../lib/gcc/arm-linux-androideabi/4.9.x/../../../../arm-linux-androideabi/bin/ld: error: cannot open crtend_android.o: No such file or directory
collect2: error: ld returned 1 exit status
configure:3042: $? = 1
configure:3080: result: no
configure: failed program was:
| /* confdefs.h */
| #define PACKAGE_NAME "ethtool"
| #define PACKAGE_TARNAME "ethtool"
| #define PACKAGE_VERSION "5.18"
| #define PACKAGE_STRING "ethtool 5.18"
| #define PACKAGE_BUGREPORT "netdev@vger.kernel.org"
| #define PACKAGE_URL ""
| #define PACKAGE "ethtool"
| #define VERSION "5.18"
| /* end confdefs.h.  */
| 
| int
| main ()
| {
| 
|   ;
|   return 0;
| }
configure:3085: error: in `/home/toor/Desktop/performance/ethtool-5.18':
configure:3087: error: C compiler cannot create executables
See `config.log' for more details

## ---------------- ##
## Cache variables. ##
## ---------------- ##

ac_cv_env_CC_set=set
ac_cv_env_CC_value=/home/toor/hard/sda/home/toor/android/android-sdk-linux/android-ndk-r16b/toolchains/arm-linux-androideabi-4.9/prebuilt/linux-x86_64/bin/arm-linux-androideabi-gcc
ac_cv_env_CFLAGS_set=
ac_cv_env_CFLAGS_value=
ac_cv_env_CPPFLAGS_set=
ac_cv_env_CPPFLAGS_value=
ac_cv_env_CPP_set=
ac_cv_env_CPP_value=
ac_cv_env_LDFLAGS_set=set
ac_cv_env_LDFLAGS_value=-static
ac_cv_env_LIBS_set=
ac_cv_env_LIBS_value=
ac_cv_env_MNL_CFLAGS_set=
ac_cv_env_MNL_CFLAGS_value=
ac_cv_env_MNL_LIBS_set=
ac_cv_env_MNL_LIBS_value=
ac_cv_env_PKG_CONFIG_LIBDIR_set=
ac_cv_env_PKG_CONFIG_LIBDIR_value=
ac_cv_env_PKG_CONFIG_PATH_set=
ac_cv_env_PKG_CONFIG_PATH_value=
ac_cv_env_PKG_CONFIG_set=
ac_cv_env_PKG_CONFIG_value=
ac_cv_env_build_alias_set=
ac_cv_env_build_alias_value=
ac_cv_env_host_alias_set=set
ac_cv_env_host_alias_value=arm-linux
ac_cv_env_target_alias_set=
ac_cv_env_target_alias_value=
ac_cv_path_install='/bin/install -c'
ac_cv_path_mkdir=/bin/mkdir
ac_cv_prog_AWK=mawk
ac_cv_prog_CC=/home/toor/hard/sda/home/toor/android/android-sdk-linux/android-ndk-r16b/toolchains/arm-linux-androideabi-4.9/prebuilt/linux-x86_64/bin/arm-linux-androideabi-gcc
ac_cv_prog_ac_ct_STRIP=strip
ac_cv_prog_make_make_set=yes
am_cv_make_support_nested_variables=yes

## ----------------- ##
## Output variables. ##
## ----------------- ##

ACLOCAL='${SHELL} '\''/home/toor/Desktop/performance/ethtool-5.18/missing'\'' aclocal-1.16'
AMDEPBACKSLASH=''
AMDEP_FALSE=''
AMDEP_TRUE=''
AMTAR='$${TAR-tar}'
AM_BACKSLASH='\'
AM_DEFAULT_V='$(AM_DEFAULT_VERBOSITY)'
AM_DEFAULT_VERBOSITY='1'
AM_V='$(V)'
AUTOCONF='${SHELL} '\''/home/toor/Desktop/performance/ethtool-5.18/missing'\'' autoconf'
AUTOHEADER='${SHELL} '\''/home/toor/Desktop/performance/ethtool-5.18/missing'\'' autoheader'
AUTOMAKE='${SHELL} '\''/home/toor/Desktop/performance/ethtool-5.18/missing'\'' automake-1.16'
AWK='mawk'
BASH_COMPLETION_DIR=''
CC='/home/toor/hard/sda/home/toor/android/android-sdk-linux/android-ndk-r16b/toolchains/arm-linux-androideabi-4.9/prebuilt/linux-x86_64/bin/arm-linux-androideabi-gcc'
CCDEPMODE=''
CFLAGS=''
CPP=''
CPPFLAGS=''
CYGPATH_W='echo'
DEFS=''
DEPDIR=''
ECHO_C=''
ECHO_N='-n'
ECHO_T=''
EGREP=''
ENABLE_BASH_COMPLETION_FALSE=''
ENABLE_BASH_COMPLETION_TRUE=''
ETHTOOL_ENABLE_NETLINK_FALSE=''
ETHTOOL_ENABLE_NETLINK_TRUE=''
ETHTOOL_ENABLE_PRETTY_DUMP_FALSE=''
ETHTOOL_ENABLE_PRETTY_DUMP_TRUE=''
EXEEXT=''
GREP=''
INSTALL_DATA='${INSTALL} -m 644'
INSTALL_PROGRAM='${INSTALL}'
INSTALL_SCRIPT='${INSTALL}'
INSTALL_STRIP_PROGRAM='$(install_sh) -c -s'
LDFLAGS='-static'
LIBOBJS=''
LIBS=''
LTLIBOBJS=''
MAINT='#'
MAINTAINER_MODE_FALSE=''
MAINTAINER_MODE_TRUE='#'
MAKEINFO='${SHELL} '\''/home/toor/Desktop/performance/ethtool-5.18/missing'\'' makeinfo'
MKDIR_P='/bin/mkdir -p'
MNL_CFLAGS=''
MNL_LIBS=''
OBJEXT=''
PACKAGE='ethtool'
PACKAGE_BUGREPORT='netdev@vger.kernel.org'
PACKAGE_NAME='ethtool'
PACKAGE_STRING='ethtool 5.18'
PACKAGE_TARNAME='ethtool'
PACKAGE_URL=''
PACKAGE_VERSION='5.18'
PATH_SEPARATOR=':'
PKG_CONFIG=''
PKG_CONFIG_LIBDIR=''
PKG_CONFIG_PATH=''
SET_MAKE=''
SHELL='/bin/bash'
STRIP='strip'
VERSION='5.18'
ac_ct_CC=''
am__EXEEXT_FALSE=''
am__EXEEXT_TRUE=''
am__fastdepCC_FALSE=''
am__fastdepCC_TRUE=''
am__include=''
am__isrc=''
am__leading_dot='.'
am__nodep=''
am__quote=''
am__tar='$${TAR-tar} chof - "$$tardir"'
am__untar='$${TAR-tar} xf -'
bindir='${exec_prefix}/bin'
build_alias=''
datadir='${datarootdir}'
datarootdir='${prefix}/share'
docdir='${datarootdir}/doc/${PACKAGE_TARNAME}'
dvidir='${docdir}'
exec_prefix='NONE'
host_alias='arm-linux'
htmldir='${docdir}'
includedir='${prefix}/include'
infodir='${datarootdir}/info'
install_sh='${SHELL} /home/toor/Desktop/performance/ethtool-5.18/install-sh'
libdir='${exec_prefix}/lib'
libexecdir='${exec_prefix}/libexec'
localedir='${datarootdir}/locale'
localstatedir='${prefix}/var'
mandir='${datarootdir}/man'
mkdir_p='$(MKDIR_P)'
oldincludedir='/usr/include'
pdfdir='${docdir}'
prefix='NONE'
program_transform_name='s,x,x,'
psdir='${docdir}'
runstatedir='${localstatedir}/run'
sbindir='${exec_prefix}/sbin'
sharedstatedir='${prefix}/com'
sysconfdir='${prefix}/etc'
target_alias=''

## ----------- ##
## confdefs.h. ##
## ----------- ##

/* confdefs.h */
#define PACKAGE_NAME "ethtool"
#define PACKAGE_TARNAME "ethtool"
#define PACKAGE_VERSION "5.18"
#define PACKAGE_STRING "ethtool 5.18"
#define PACKAGE_BUGREPORT "netdev@vger.kernel.org"
#define PACKAGE_URL ""
#define PACKAGE "ethtool"
#define VERSION "5.18"

configure: exit 77
