This file contains any messages produced by compilers while
running configure, to aid debugging if configure makes a mistake.

It was created by ethtool configure 5.18, which was
generated by GNU Autoconf 2.69.  Invocation command line was

  $ /home/toor/Desktop/performance/ethtool-5.18/configure 

## --------- ##
## Platform. ##
## --------- ##

hostname = debian
uname -m = x86_64
uname -r = 5.10.0-15-amd64
uname -s = Linux
uname -v = #1 SMP Debian 5.10.120-1 (2022-06-09)

/usr/bin/uname -p = unknown
/bin/uname -X     = unknown

/bin/arch              = x86_64
/usr/bin/arch -k       = unknown
/usr/convex/getsysinfo = unknown
/usr/bin/hostinfo      = unknown
/bin/machine           = unknown
/usr/bin/oslevel       = unknown
/bin/universe          = unknown

PATH: /usr/local/bin
PATH: /usr/bin
PATH: /bin
PATH: /usr/local/games
PATH: /usr/games


## ----------- ##
## Core tests. ##
## ----------- ##

configure:2087: checking for a BSD-compatible install
configure:2155: result: /usr/bin/install -c
configure:2166: checking whether build environment is sane
configure:2221: result: yes
configure:2367: checking for a thread-safe mkdir -p
configure:2406: result: /usr/bin/mkdir -p
configure:2413: checking for gawk
configure:2443: result: no
configure:2413: checking for mawk
configure:2429: found /usr/bin/mawk
configure:2440: result: mawk
configure:2451: checking whether make sets $(MAKE)
configure:2473: result: yes
configure:2502: checking whether make supports nested variables
configure:2519: result: yes
configure:2649: checking whether to enable maintainer-specific portions of Makefiles
configure:2658: result: no
configure:2720: checking for gcc
configure:2736: found /usr/bin/gcc
configure:2747: result: gcc
configure:2976: checking for C compiler version
configure:2985: gcc --version >&5
gcc (Debian 10.2.1-6) 10.2.1 20210110
Copyright (C) 2020 Free Software Foundation, Inc.
This is free software; see the source for copying conditions.  There is NO
warranty; not even for MERCHANTABILITY or FITNESS FOR A PARTICULAR PURPOSE.

configure:2996: $? = 0
configure:2985: gcc -v >&5
Using built-in specs.
COLLECT_GCC=gcc
COLLECT_LTO_WRAPPER=/usr/lib/gcc/x86_64-linux-gnu/10/lto-wrapper
OFFLOAD_TARGET_NAMES=nvptx-none:amdgcn-amdhsa:hsa
OFFLOAD_TARGET_DEFAULT=1
Target: x86_64-linux-gnu
Configured with: ../src/configure -v --with-pkgversion='Debian 10.2.1-6' --with-bugurl=file:///usr/share/doc/gcc-10/README.Bugs --enable-languages=c,ada,c++,go,brig,d,fortran,objc,obj-c++,m2 --prefix=/usr --with-gcc-major-version-only --program-suffix=-10 --program-prefix=x86_64-linux-gnu- --enable-shared --enable-linker-build-id --libexecdir=/usr/lib --without-included-gettext --enable-threads=posix --libdir=/usr/lib --enable-nls --enable-bootstrap --enable-clocale=gnu --enable-libstdcxx-debug --enable-libstdcxx-time=yes --with-default-libstdcxx-abi=new --enable-gnu-unique-object --disable-vtable-verify --enable-plugin --enable-default-pie --with-system-zlib --enable-libphobos-checking=release --with-target-system-zlib=auto --enable-objc-gc=auto --enable-multiarch --disable-werror --with-arch-32=i686 --with-abi=m64 --with-multilib-list=m32,m64,mx32 --enable-multilib --with-tune=generic --enable-offload-targets=nvptx-none=/build/gcc-10-Km9U7s/gcc-10-10.2.1/debian/tmp-nvptx/usr,amdgcn-amdhsa=/build/gcc-10-Km9U7s/gcc-10-10.2.1/debian/tmp-gcn/usr,hsa --without-cuda-driver --enable-checking=release --build=x86_64-linux-gnu --host=x86_64-linux-gnu --target=x86_64-linux-gnu --with-build-config=bootstrap-lto-lean --enable-link-mutex
Thread model: posix
Supported LTO compression algorithms: zlib zstd
gcc version 10.2.1 20210110 (Debian 10.2.1-6) 
... rest of stderr output deleted ...
configure:2996: $? = 0
configure:2985: gcc -V >&5
gcc: error: unrecognized command-line option '-V'
gcc: fatal error: no input files
compilation terminated.
configure:2996: $? = 1
configure:2985: gcc -qversion >&5
gcc: error: unrecognized command-line option '-qversion'; did you mean '--version'?
gcc: fatal error: no input files
compilation terminated.
configure:2996: $? = 1
configure:3016: checking whether the C compiler works
configure:3038: gcc    conftest.c  >&5
configure:3042: $? = 0
configure:3090: result: yes
configure:3093: checking for C compiler default output file name
configure:3095: result: a.out
configure:3101: checking for suffix of executables
configure:3108: gcc -o conftest    conftest.c  >&5
configure:3112: $? = 0
configure:3134: result: 
configure:3156: checking whether we are cross compiling
configure:3164: gcc -o conftest    conftest.c  >&5
configure:3168: $? = 0
configure:3175: ./conftest
configure:3179: $? = 0
configure:3194: result: no
configure:3199: checking for suffix of object files
configure:3221: gcc -c   conftest.c >&5
configure:3225: $? = 0
configure:3246: result: o
configure:3250: checking whether we are using the GNU C compiler
configure:3269: gcc -c   conftest.c >&5
configure:3269: $? = 0
configure:3278: result: yes
configure:3287: checking whether gcc accepts -g
configure:3307: gcc -c -g  conftest.c >&5
configure:3307: $? = 0
configure:3348: result: yes
configure:3365: checking for gcc option to accept ISO C89
configure:3428: gcc  -c -g -O2  conftest.c >&5
configure:3428: $? = 0
configure:3441: result: none needed
configure:3466: checking whether gcc understands -c and -o together
configure:3488: gcc -c conftest.c -o conftest2.o
configure:3491: $? = 0
configure:3488: gcc -c conftest.c -o conftest2.o
configure:3491: $? = 0
configure:3503: result: yes
configure:3523: checking whether make supports the include directive
configure:3538: make -f confmf.GNU && cat confinc.out
this is the am__doit target
configure:3541: $? = 0
configure:3560: result: yes (GNU style)
configure:3585: checking dependency style of gcc
configure:3696: result: gcc3
configure:3717: checking how to run the C preprocessor
configure:3748: gcc -E  conftest.c
configure:3748: $? = 0
configure:3762: gcc -E  conftest.c
conftest.c:11:10: fatal error: ac_nonexistent.h: No such file or directory
   11 | #include <ac_nonexistent.h>
      |          ^~~~~~~~~~~~~~~~~~
compilation terminated.
configure:3762: $? = 1
configure: failed program was:
| /* confdefs.h */
| #define PACKAGE_NAME "ethtool"
| #define PACKAGE_TARNAME "ethtool"
| #define PACKAGE_VERSION "5.18"
| #define PACKAGE_STRING "ethtool 5.18"
| #define PACKAGE_BUGREPORT "netdev@vger.kernel.org"
| #define PACKAGE_URL ""
| #define PACKAGE "ethtool"
| #define VERSION "5.18"
| /* end confdefs.h.  */
| #include <ac_nonexistent.h>
configure:3787: result: gcc -E
configure:3807: gcc -E  conftest.c
configure:3807: $? = 0
configure:3821: gcc -E  conftest.c
conftest.c:11:10: fatal error: ac_nonexistent.h: No such file or directory
   11 | #include <ac_nonexistent.h>
      |          ^~~~~~~~~~~~~~~~~~
compilation terminated.
configure:3821: $? = 1
configure: failed program was:
| /* confdefs.h */
| #define PACKAGE_NAME "ethtool"
| #define PACKAGE_TARNAME "ethtool"
| #define PACKAGE_VERSION "5.18"
| #define PACKAGE_STRING "ethtool 5.18"
| #define PACKAGE_BUGREPORT "netdev@vger.kernel.org"
| #define PACKAGE_URL ""
| #define PACKAGE "ethtool"
| #define VERSION "5.18"
| /* end confdefs.h.  */
| #include <ac_nonexistent.h>
configure:3850: checking for grep that handles long lines and -e
configure:3908: result: /usr/bin/grep
configure:3913: checking for egrep
configure:3975: result: /usr/bin/grep -E
configure:3981: checking whether gcc needs -traditional
configure:4015: result: no
configure:4077: checking for pkg-config
configure:4095: found /usr/bin/pkg-config
configure:4107: result: /usr/bin/pkg-config
configure:4132: checking pkg-config is at least version 0.9.0
configure:4135: result: yes
configure:4146: checking whether <linux/types.h> defines big-endian types
configure:4159: gcc -c -g -O2  conftest.c >&5
configure:4159: $? = 0
configure:4160: result: yes
configure:4171: checking for ANSI C header files
configure:4191: gcc -c -g -O2  conftest.c >&5
configure:4191: $? = 0
configure:4264: gcc -o conftest -g -O2   conftest.c  >&5
configure:4264: $? = 0
configure:4264: ./conftest
configure:4264: $? = 0
configure:4275: result: yes
configure:4286: checking for socket
configure:4286: gcc -o conftest -g -O2   conftest.c  >&5
configure:4286: $? = 0
configure:4286: result: yes
configure:4286: checking for strtol
configure:4286: gcc -o conftest -g -O2   conftest.c  >&5
configure:4286: $? = 0
configure:4286: result: yes
configure:4326: checking for bash-completion directory
configure:4337: result: ${prefix}/share/bash-completion/completions
configure:4414: checking for pkg-config
configure:4444: result: /usr/bin/pkg-config
configure:4469: checking pkg-config is at least version 0.9.0
configure:4472: result: yes
configure:4482: checking for libmnl
configure:4489: $PKG_CONFIG --exists --print-errors "libmnl"
Package libmnl was not found in the pkg-config search path.
Perhaps you should add the directory containing `libmnl.pc'
to the PKG_CONFIG_PATH environment variable
No package 'libmnl' found
configure:4492: $? = 1
configure:4506: $PKG_CONFIG --exists --print-errors "libmnl"
Package libmnl was not found in the pkg-config search path.
Perhaps you should add the directory containing `libmnl.pc'
to the PKG_CONFIG_PATH environment variable
No package 'libmnl' found
configure:4509: $? = 1
configure:4523: result: no
No package 'libmnl' found
configure:4539: error: Package requirements (libmnl) were not met:

No package 'libmnl' found

Consider adjusting the PKG_CONFIG_PATH environment variable if you
installed software in a non-standard prefix.

Alternatively, you may set the environment variables MNL_CFLAGS
and MNL_LIBS to avoid the need to call pkg-config.
See the pkg-config man page for more details.

## ---------------- ##
## Cache variables. ##
## ---------------- ##

ac_cv_c_compiler_gnu=yes
ac_cv_env_CC_set=
ac_cv_env_CC_value=
ac_cv_env_CFLAGS_set=
ac_cv_env_CFLAGS_value=
ac_cv_env_CPPFLAGS_set=
ac_cv_env_CPPFLAGS_value=
ac_cv_env_CPP_set=
ac_cv_env_CPP_value=
ac_cv_env_LDFLAGS_set=
ac_cv_env_LDFLAGS_value=
ac_cv_env_LIBS_set=
ac_cv_env_LIBS_value=
ac_cv_env_MNL_CFLAGS_set=
ac_cv_env_MNL_CFLAGS_value=
ac_cv_env_MNL_LIBS_set=
ac_cv_env_MNL_LIBS_value=
ac_cv_env_PKG_CONFIG_LIBDIR_set=
ac_cv_env_PKG_CONFIG_LIBDIR_value=
ac_cv_env_PKG_CONFIG_PATH_set=
ac_cv_env_PKG_CONFIG_PATH_value=
ac_cv_env_PKG_CONFIG_set=
ac_cv_env_PKG_CONFIG_value=
ac_cv_env_build_alias_set=
ac_cv_env_build_alias_value=
ac_cv_env_host_alias_set=
ac_cv_env_host_alias_value=
ac_cv_env_target_alias_set=
ac_cv_env_target_alias_value=
ac_cv_func_socket=yes
ac_cv_func_strtol=yes
ac_cv_header_stdc=yes
ac_cv_objext=o
ac_cv_path_EGREP='/usr/bin/grep -E'
ac_cv_path_GREP=/usr/bin/grep
ac_cv_path_ac_pt_PKG_CONFIG=/usr/bin/pkg-config
ac_cv_path_install='/usr/bin/install -c'
ac_cv_path_mkdir=/usr/bin/mkdir
ac_cv_prog_AWK=mawk
ac_cv_prog_CPP='gcc -E'
ac_cv_prog_ac_ct_CC=gcc
ac_cv_prog_cc_c89=
ac_cv_prog_cc_g=yes
ac_cv_prog_gcc_traditional=no
ac_cv_prog_make_make_set=yes
am_cv_CC_dependencies_compiler_type=gcc3
am_cv_make_support_nested_variables=yes
am_cv_prog_cc_c_o=yes

## ----------------- ##
## Output variables. ##
## ----------------- ##

ACLOCAL='${SHELL} '\''/home/toor/Desktop/performance/ethtool-5.18/missing'\'' aclocal-1.16'
AMDEPBACKSLASH='\'
AMDEP_FALSE='#'
AMDEP_TRUE=''
AMTAR='$${TAR-tar}'
AM_BACKSLASH='\'
AM_DEFAULT_V='$(AM_DEFAULT_VERBOSITY)'
AM_DEFAULT_VERBOSITY='1'
AM_V='$(V)'
AUTOCONF='${SHELL} '\''/home/toor/Desktop/performance/ethtool-5.18/missing'\'' autoconf'
AUTOHEADER='${SHELL} '\''/home/toor/Desktop/performance/ethtool-5.18/missing'\'' autoheader'
AUTOMAKE='${SHELL} '\''/home/toor/Desktop/performance/ethtool-5.18/missing'\'' automake-1.16'
AWK='mawk'
BASH_COMPLETION_DIR='${prefix}/share/bash-completion/completions'
CC='gcc'
CCDEPMODE='depmode=gcc3'
CFLAGS='-g -O2'
CPP='gcc -E'
CPPFLAGS=''
CYGPATH_W='echo'
DEFS=''
DEPDIR='.deps'
ECHO_C=''
ECHO_N='-n'
ECHO_T=''
EGREP='/usr/bin/grep -E'
ENABLE_BASH_COMPLETION_FALSE='#'
ENABLE_BASH_COMPLETION_TRUE=''
ETHTOOL_ENABLE_NETLINK_FALSE=''
ETHTOOL_ENABLE_NETLINK_TRUE=''
ETHTOOL_ENABLE_PRETTY_DUMP_FALSE='#'
ETHTOOL_ENABLE_PRETTY_DUMP_TRUE=''
EXEEXT=''
GREP='/usr/bin/grep'
INSTALL_DATA='${INSTALL} -m 644'
INSTALL_PROGRAM='${INSTALL}'
INSTALL_SCRIPT='${INSTALL}'
INSTALL_STRIP_PROGRAM='$(install_sh) -c -s'
LDFLAGS=''
LIBOBJS=''
LIBS=''
LTLIBOBJS=''
MAINT='#'
MAINTAINER_MODE_FALSE=''
MAINTAINER_MODE_TRUE='#'
MAKEINFO='${SHELL} '\''/home/toor/Desktop/performance/ethtool-5.18/missing'\'' makeinfo'
MKDIR_P='/usr/bin/mkdir -p'
MNL_CFLAGS=''
MNL_LIBS=''
OBJEXT='o'
PACKAGE='ethtool'
PACKAGE_BUGREPORT='netdev@vger.kernel.org'
PACKAGE_NAME='ethtool'
PACKAGE_STRING='ethtool 5.18'
PACKAGE_TARNAME='ethtool'
PACKAGE_URL=''
PACKAGE_VERSION='5.18'
PATH_SEPARATOR=':'
PKG_CONFIG='/usr/bin/pkg-config'
PKG_CONFIG_LIBDIR=''
PKG_CONFIG_PATH=''
SET_MAKE=''
SHELL='/bin/bash'
STRIP=''
VERSION='5.18'
ac_ct_CC='gcc'
am__EXEEXT_FALSE=''
am__EXEEXT_TRUE=''
am__fastdepCC_FALSE='#'
am__fastdepCC_TRUE=''
am__include='include'
am__isrc=' -I$(srcdir)'
am__leading_dot='.'
am__nodep='_no'
am__quote=''
am__tar='$${TAR-tar} chof - "$$tardir"'
am__untar='$${TAR-tar} xf -'
bindir='${exec_prefix}/bin'
build_alias=''
datadir='${datarootdir}'
datarootdir='${prefix}/share'
docdir='${datarootdir}/doc/${PACKAGE_TARNAME}'
dvidir='${docdir}'
exec_prefix='NONE'
host_alias=''
htmldir='${docdir}'
includedir='${prefix}/include'
infodir='${datarootdir}/info'
install_sh='${SHELL} /home/toor/Desktop/performance/ethtool-5.18/install-sh'
libdir='${exec_prefix}/lib'
libexecdir='${exec_prefix}/libexec'
localedir='${datarootdir}/locale'
localstatedir='${prefix}/var'
mandir='${datarootdir}/man'
mkdir_p='$(MKDIR_P)'
oldincludedir='/usr/include'
pdfdir='${docdir}'
prefix='NONE'
program_transform_name='s,x,x,'
psdir='${docdir}'
runstatedir='${localstatedir}/run'
sbindir='${exec_prefix}/sbin'
sharedstatedir='${prefix}/com'
sysconfdir='${prefix}/etc'
target_alias=''

## ----------- ##
## confdefs.h. ##
## ----------- ##

/* confdefs.h */
#define PACKAGE_NAME "ethtool"
#define PACKAGE_TARNAME "ethtool"
#define PACKAGE_VERSION "5.18"
#define PACKAGE_STRING "ethtool 5.18"
#define PACKAGE_BUGREPORT "netdev@vger.kernel.org"
#define PACKAGE_URL ""
#define PACKAGE "ethtool"
#define VERSION "5.18"
#define HAVE_BE_TYPES 1
#define STDC_HEADERS 1
#define HAVE_SOCKET 1
#define HAVE_STRTOL 1
#define ETHTOOL_ENABLE_PRETTY_DUMP 1

configure: exit 1
